-------------------------------------------------------------------------------
Test set: org.gbif.compress.tests.CompressTest
-------------------------------------------------------------------------------
Tests run: 1, Failures: 0, Errors: 1, Skipped: 0, Time elapsed: 0.046 sec <<< FAILURE! - in org.gbif.compress.tests.CompressTest
testCompress(org.gbif.compress.tests.CompressTest)  Time elapsed: 0.045 sec  <<< ERROR!
java.lang.ArrayIndexOutOfBoundsException: 32
	at org.gbif.hadoop.compress.d2.CRCCombine.gf2_matrix_times(CRCCombine.java:79)
	at org.gbif.hadoop.compress.d2.CRCCombine.combine(CRCCombine.java:44)
	at org.gbif.hadoop.compress.d2.D2CombineInputStream.close(D2CombineInputStream.java:79)
	at org.gbif.compress.tests.CompressTest.testCompress(CompressTest.java:62)

